2023-08-06 12:41:02 - INFO - ===app启动===
2023-08-06 12:41:16 - INFO - 文件路径:E:\pythoncode\测试工具\test\pcmCase
保存路径：C:\Users\神殒魔灭\Desktop\p2wTest
====正在检查路径是否合法====
2023-08-06 12:41:17 - INFO - ====正在搜索路径内的所有音频文件====
2023-08-06 12:41:17 - INFO - ====格式转换开始====
2023-08-06 12:41:17 - INFO - 已完成

2023-08-06 12:41:17 - INFO - 正在转换E:\pythoncode\测试工具\test\pcmCase\安徽今天的天气\DCMB_99.pcm
2023-08-06 12:41:18 - INFO - 转换完成
2023-08-06 12:41:18 - INFO - 正在转换E:\pythoncode\测试工具\test\pcmCase\安防模式\DCMB_272.pcm
2023-08-06 12:41:19 - INFO - 转换完成
2023-08-06 12:41:19 - INFO - 正在转换E:\pythoncode\测试工具\test\pcmCase\把餐厅布帘关闭二分之一\DCMB_110.pcm
2023-08-06 12:41:20 - INFO - 转换完成
2023-08-06 12:41:20 - INFO - 正在转换E:\pythoncode\测试工具\test\pcmCase\把餐厅布帘打开50%\DCMB_312.pcm
2023-08-06 12:41:21 - INFO - 转换完成
2023-08-06 12:41:24 - INFO - 文件路径:E:\pythoncode\测试工具\test\pcmCase
保存路径：C:\Users\神殒魔灭\Desktop\p2wTest
====正在检查路径是否合法====
2023-08-06 12:41:24 - INFO - ====正在搜索路径内的所有音频文件====
2023-08-06 12:41:24 - INFO - ====格式转换开始====
2023-08-06 12:41:24 - INFO - 已完成

2023-08-06 12:41:24 - INFO - 正在转换E:\pythoncode\测试工具\test\pcmCase\安徽今天的天气\DCMB_99.pcm
2023-08-06 12:41:25 - INFO - 转换完成
2023-08-06 12:41:25 - INFO - 正在转换E:\pythoncode\测试工具\test\pcmCase\安防模式\DCMB_272.pcm
2023-08-06 12:41:26 - INFO - 转换完成
2023-08-06 12:41:26 - INFO - 正在转换E:\pythoncode\测试工具\test\pcmCase\把餐厅布帘关闭二分之一\DCMB_110.pcm
2023-08-06 12:41:27 - INFO - 转换完成
2023-08-06 12:41:27 - INFO - 正在转换E:\pythoncode\测试工具\test\pcmCase\把餐厅布帘打开50%\DCMB_312.pcm
2023-08-06 12:41:28 - INFO - 转换完成
2023-08-06 12:41:28 - INFO - 正在转换E:\pythoncode\测试工具\test\pcmCase\安徽今天的天气\DCMB_99.pcm
2023-08-06 12:41:29 - INFO - 转换完成
2023-08-06 12:41:29 - INFO - 正在转换E:\pythoncode\测试工具\test\pcmCase\安防模式\DCMB_272.pcm
2023-08-06 12:42:23 - INFO - ===app启动===
2023-08-06 12:42:34 - INFO - 文件路径:E:\pythoncode\测试工具\test\pcmCase
保存路径：C:\Users\神殒魔灭\Desktop\p2wTest
====正在检查路径是否合法====
2023-08-06 12:42:34 - INFO - ====正在搜索路径内的所有音频文件====
2023-08-06 12:42:34 - INFO - ====格式转换开始====
2023-08-06 12:42:34 - INFO - 已完成

2023-08-06 12:42:34 - INFO - 正在转换E:\pythoncode\测试工具\test\pcmCase\安徽今天的天气\DCMB_99.pcm
2023-08-06 12:42:35 - INFO - 转换完成
2023-08-06 12:42:35 - INFO - 正在转换E:\pythoncode\测试工具\test\pcmCase\安防模式\DCMB_272.pcm
2023-08-06 12:42:36 - INFO - 转换完成
2023-08-06 12:42:36 - INFO - 正在转换E:\pythoncode\测试工具\test\pcmCase\把餐厅布帘关闭二分之一\DCMB_110.pcm
2023-08-06 12:42:37 - INFO - 转换完成
2023-08-06 12:42:37 - INFO - 正在转换E:\pythoncode\测试工具\test\pcmCase\把餐厅布帘打开50%\DCMB_312.pcm
2023-08-06 12:42:38 - INFO - 转换完成
2023-08-06 12:43:01 - INFO - ===app启动===
2023-08-06 12:43:12 - INFO - ===app启动===
2023-08-06 12:43:29 - INFO - 文件路径:E:\pythoncode\测试工具\test\pcmCase
保存路径：C:\Users\神殒魔灭\Desktop\p2wTest
====正在检查路径是否合法====
2023-08-06 12:43:29 - INFO - ====正在搜索路径内的所有音频文件====
2023-08-06 12:43:29 - INFO - ====格式转换开始====
2023-08-06 12:43:29 - INFO - 已完成

2023-08-06 12:43:29 - INFO - 正在转换E:\pythoncode\测试工具\test\pcmCase\安徽今天的天气\DCMB_99.pcm
2023-08-06 12:43:30 - INFO - 转换完成
2023-08-06 12:43:30 - INFO - 正在转换E:\pythoncode\测试工具\test\pcmCase\安防模式\DCMB_272.pcm
2023-08-06 12:43:31 - INFO - 转换完成
2023-08-06 12:43:31 - INFO - 正在转换E:\pythoncode\测试工具\test\pcmCase\把餐厅布帘关闭二分之一\DCMB_110.pcm
2023-08-06 12:43:43 - INFO - ===app启动===
2023-08-06 12:43:54 - INFO - 文件路径:E:\pythoncode\测试工具\test\pcmCase
保存路径：C:\Users\神殒魔灭\Desktop\p2wTest
====正在检查路径是否合法====
2023-08-06 12:43:54 - INFO - ====正在搜索路径内的所有音频文件====
2023-08-06 12:43:54 - INFO - ====格式转换开始====
2023-08-06 12:43:54 - INFO - 已完成

2023-08-06 12:43:54 - INFO - 正在转换E:\pythoncode\测试工具\test\pcmCase\安徽今天的天气\DCMB_99.pcm
2023-08-06 12:43:55 - INFO - 转换完成
2023-08-06 12:43:55 - INFO - 正在转换E:\pythoncode\测试工具\test\pcmCase\安防模式\DCMB_272.pcm
2023-08-06 12:43:56 - INFO - 转换完成
2023-08-06 12:43:56 - INFO - 正在转换E:\pythoncode\测试工具\test\pcmCase\把餐厅布帘关闭二分之一\DCMB_110.pcm
2023-08-06 12:43:57 - INFO - 转换完成
2023-08-06 12:43:57 - INFO - 正在转换E:\pythoncode\测试工具\test\pcmCase\把餐厅布帘打开50%\DCMB_312.pcm
2023-08-06 12:43:58 - INFO - 转换完成
2023-08-06 12:50:05 - INFO - ===app启动===
2023-08-06 12:50:19 - INFO - 文件路径:E:\pythoncode\测试工具\test\pcmCase
保存路径：C:\Users\神殒魔灭\Desktop\p2wTest
====正在检查路径是否合法====
2023-08-06 12:50:19 - INFO - ====正在搜索路径内的所有音频文件====
2023-08-06 12:50:19 - INFO - ====格式转换开始====
2023-08-06 12:50:19 - INFO - 正在转换E:\pythoncode\测试工具\test\pcmCase\安徽今天的天气\DCMB_99.pcm
2023-08-06 12:50:20 - INFO - 转换完成
2023-08-06 12:50:20 - INFO - 正在转换E:\pythoncode\测试工具\test\pcmCase\安防模式\DCMB_272.pcm
2023-08-06 12:50:21 - INFO - 转换完成
2023-08-06 12:50:21 - INFO - 正在转换E:\pythoncode\测试工具\test\pcmCase\把餐厅布帘关闭二分之一\DCMB_110.pcm
2023-08-06 12:50:22 - INFO - 转换完成
2023-08-06 12:50:22 - INFO - 正在转换E:\pythoncode\测试工具\test\pcmCase\把餐厅布帘打开50%\DCMB_312.pcm
2023-08-06 12:50:23 - INFO - 转换完成
2023-08-06 12:50:23 - INFO - 已完成

2023-08-06 17:15:31 - INFO - ===app启动===
2023-08-06 17:15:44 - INFO - 文件路径:E:\pythoncode\测试工具\test\pcmCase
保存路径：C:\Users\神殒魔灭\Desktop\p2wTest
====正在检查路径是否合法====
2023-08-06 17:15:44 - INFO - ====正在搜索路径内的所有音频文件====
2023-08-06 17:15:44 - INFO - ====格式转换开始====
2023-08-06 17:15:44 - INFO - 正在转换E:\pythoncode\测试工具\test\pcmCase\安徽今天的天气\DCMB_99.pcm
2023-08-06 17:15:46 - INFO - 转换完成
2023-08-06 17:15:46 - INFO - 正在转换E:\pythoncode\测试工具\test\pcmCase\安防模式\DCMB_272.pcm
2023-08-06 17:15:47 - INFO - 转换完成
2023-08-06 17:15:47 - INFO - 正在转换E:\pythoncode\测试工具\test\pcmCase\把餐厅布帘关闭二分之一\DCMB_110.pcm
2023-08-06 17:15:48 - INFO - 转换完成
2023-08-06 17:15:48 - INFO - 正在转换E:\pythoncode\测试工具\test\pcmCase\把餐厅布帘打开50%\DCMB_312.pcm
2023-08-06 17:15:49 - INFO - 转换完成
2023-08-06 17:15:49 - INFO - 已完成

2023-08-06 17:17:32 - INFO - ===app启动===
2023-08-06 17:17:42 - INFO - 文件路径:E:\pythoncode\测试工具\test\pcmCase
保存路径：C:\Users\神殒魔灭\Desktop\p2wTest
====正在检查路径是否合法====
2023-08-06 17:17:42 - INFO - ====正在搜索路径内的所有音频文件====
2023-08-06 17:17:42 - INFO - ====格式转换开始====
2023-08-06 17:17:42 - INFO - 正在转换E:\pythoncode\测试工具\test\pcmCase\安徽今天的天气\DCMB_99.pcm
2023-08-06 17:17:43 - INFO - 转换完成
2023-08-06 17:17:43 - INFO - 正在转换E:\pythoncode\测试工具\test\pcmCase\安防模式\DCMB_272.pcm
2023-08-06 17:17:44 - INFO - 转换完成
2023-08-06 17:17:44 - INFO - 正在转换E:\pythoncode\测试工具\test\pcmCase\把餐厅布帘关闭二分之一\DCMB_110.pcm
2023-08-06 17:17:45 - INFO - 转换完成
2023-08-06 17:17:45 - INFO - 正在转换E:\pythoncode\测试工具\test\pcmCase\把餐厅布帘打开50%\DCMB_312.pcm
2023-08-06 17:17:46 - INFO - 转换完成
2023-08-06 17:17:46 - INFO - 已完成

2023-08-06 17:19:16 - INFO - ===app启动===
INFO:root:hello
2023-08-06 17:35:41 - INFO - ===app启动===
2023-08-06 17:35:55 - INFO - 文件路径:E:\pythoncode\测试工具\test\pcmCase
保存路径：C:\Users\神殒魔灭\Desktop\p2wTest
====正在检查路径是否合法====
2023-08-06 17:35:55 - INFO - ====正在搜索路径内的所有音频文件====
2023-08-06 17:35:55 - INFO - ====格式转换开始====
2023-08-06 17:35:55 - INFO - 正在转换E:\pythoncode\测试工具\test\pcmCase\安徽今天的天气\DCMB_99.pcm
2023-08-06 17:35:56 - INFO - 转换完成
2023-08-06 17:35:56 - INFO - 正在转换E:\pythoncode\测试工具\test\pcmCase\安防模式\DCMB_272.pcm
2023-08-06 17:35:57 - INFO - 转换完成
2023-08-06 17:35:57 - INFO - 正在转换E:\pythoncode\测试工具\test\pcmCase\把餐厅布帘关闭二分之一\DCMB_110.pcm
2023-08-06 17:35:58 - INFO - 转换完成
2023-08-06 17:35:58 - INFO - 正在转换E:\pythoncode\测试工具\test\pcmCase\把餐厅布帘打开50%\DCMB_312.pcm
2023-08-06 17:35:59 - INFO - 转换完成
2023-08-06 17:35:59 - INFO - 已完成

